97199~~~Südzucker AG Mannheim-Ochsenfu~Mannheim Universitätsstadt~1658837~5529~0621 4210~~Theodor-Heuss-Anlage 12~~~Anlageberatung~Südzucker Beteiligungs GmbH
6231~~~AgrarGen.Bad Dürrenberg e.G.~Bad Dürrenberg Stadt~1469389~4898~03462 80337~~Siedlungsstraße 17a~~~Landwirtschaftliche Produkte Einzelhandel~Agrargenossenschaft Bad Dürrenberg e.G.
6632~~~AG Gleina e.G.~Gleina~1136913~3790~034462 3040~~Baumersrodaer Weg 3B~~~Landwirtschaftliche Produkte Einzelhandel~Agrargenossenschaft Gleina e.G.
14712~~~AG Böhne e.G.~Rathenow Stadt~1059986~3533~03385 541710~~Rathenower Str. 13~~~Landwirtschaftliche Produkte Großhandel~Agrargenossenschaft Böhne eG
15907~~~Agrargen. Radensdorf eG~Lübben (Spreewald) Stadt~1049750~3499~03546 276020~~An der Bukoitza~~~Hersteller~Agrargenossenschaft Radensdorf e.G. Sitz Lübben
14715~~~AG Hohennauen e.G.~Havelaue~1014315~3381~033872 70234~~Spaatzer Hauptstraße 1~~~Landwirtschaftsbetrieb~Agrargenossenschaft Hohennauen eG
6667~~~AG Burgwerben e.G.~Weißenfels Stadt~1005951~3353~03443 28473~~Friedensstr. 2~~~Lebensmittelladen~Agrargenossenschaft Burgwerben e. G.
39240~~~Agrargen. e.G. Calbe~Calbe (Saale) Stadt~1002145~3340~039291 5400~~Brumbyer Weg 34~~~Landwirtschaftsbetrieb~Agrargenossenschaft Calbe/Saale e.G.
6536~~~AgrarGen.-Harzerland- eG.~Südharz~992716~3309~None~~No Address~~~No Business Description~No Business Name
6556~~~Agrarproduktion-und Handels GmbH~Kalbsrieth~949349~3164~None~~No Address~~~No Business Description~No Business Name
6249~~~Agrarverwaltungsges. Geiseltal mbH & CoKG~Mücheln (Geiseltal) Stadt~898471~2995~034632 22487~~Merseburger Str. 4~~~~Agrar-Verwaltungsgesellschaft Geiseltal mbH & Co. Produk- tions- und Handels KG
39279~~~AG Hobeck eG.~Gommern Stadt~891002~2970~039241 9390~~Plankenbreite 18~~~Landwirtschaftliche Produkte Einzelhandel~Agrargenossenschaft Hobeck e.G.
18573~~~APV Samtens / Rügen e.G~Rambin~875642~2919~038306 1322~~Rothenkirchen 24~~~Landmaschinenhändler~Agrar-Produktions- und Vertriebsgemeinschaft Samtens/ Rügen eG
6785~~~AG Wörlitz eG~Oranienbaum-Wörlitz Stadt~859755~2866~034905 4150~~Griesener Str. 33~~~Landwirtschaftsbetrieb~Agrargenossenschaft Wörlitz e.G.
15749~~~Märk.Agrargenossenschaft e.G. (MAG)~Mittenwalde Stadt~825666~2752~None~~No Address~~~No Business Description~No Business Name
6901~~~LWB Selbitz e. G.~Kemberg Stadt~821761~2739~None~~No Address~~~No Business Description~No Business Name
29413~~~Agrar-Gen. Bonese~Dähre~802758~2676~039039 239~~Hauptstraße 2~~~Landwirtschaftliche Produkte Einzelhandel~Agrar-Genossenschaft Bonese e. G.
38486~~~AG Dr.Schultz Lupitz e.G. Kusey~Klötze Stadt~790476~2635~039005 243~~Köckter Weg 4~~~Landwirtschaftliche Produkte Einzelhandel~Agrargenossenschaft Dr. Schultz-Lupitz e. G. Kusey
14778~~~AG -Planetal- Golzow e.G.~Golzow~767933~2560~None~~No Address~~~No Business Description~No Business Name
15848~~~Mangelsdorf / Perlitz GbR~Tauche~764447~2548~033677 5714~~Herzberger Str. 21~~~Fotokopier- und Vervielfältigungsbetriebe~Jochen Mangelsdorf und Wilfried Perlitz GbR
4774~~~Heidegut Dahlen GbRE. Bößneck F. Terpitz u. M. Umhau~Dahlen Stadt~763362~2545~None~~No Address~~~No Business Description~No Business Name
18574~~~Agrargesellschaft Gustow mbH~Gustow~752755~2509~038307 828~~Alte Bäderstr. 1~~~Landesprodukte Großhandel~Agrargesellschaft Gustow mbH
2625~~~Agrargenossenschaft Agrofarm Göda e. G.~Bautzen Stadt~751089~2504~03591 617760~~Salzenforster Str. 163~~~Landwirtschaftsbetrieb~Agrargenossenschaft Agrofarm Göda eG
6888~~~AG Elbniederung Eutzsch e. G.~Wittenberg Lutherstadt~745046~2483~034928 20571~~Wittenberger Str. 105~~~Landwirtschaftliche Produkte Einzelhandel~Agrargenossenschaft Elbniederung Eutzsch e.G.
6895~~~AG Mühlanger e.G.~Zahna-Elster Stadt~729825~2433~None~~No Address~~~No Business Description~No Business Name
4886~~~Agrargenossenschaft Arzberg e.G.~Arzberg~728388~2428~034222 4410~~Mühlenviertel 4~~~Landschaftsgärtner~Agrargenossenschaft Arzberg e.G.
17194~~~Agrarges. Hohen Wangelin mbH & CO. KG~Klocksin~719648~2399~039933 7600~~Malchower Chaussee 1~~~Landwirtschaftliche Produkte Einzelhandel~Agrargesellschaft Hohen Wangelin mbH & Co. KG
15806~~~Agrargenossenschaft eG Glienick / Groß Schulzendorf~Zossen Stadt~713046~2377~None~~No Address~~~No Business Description~No Business Name
39221~~~LPG Bördeland e.G. Biere~Bördeland~709613~2365~039297 20275~~Gartenstraße 4B~~~Landwirtschaftsbetrieb~Landwirtschaftliche-Produktiv-Genossenschaft Bördeland e. G.
6526~~~AgrarGen.Gonna-/Leinetal eG.~Sangerhausen Stadt~706466~2355~03464 58120~~Linke G. 1~~~Landwirtschaftliche Produkte Einzelhandel~Agrargenossenschaft Gonnatal-Leinetal eG
14793~~~Fiener-Agrargen.  Ziesar eG~Ziesar Stadt~692864~2310~033830 284~~Paplitzer Chaussee 8~~~Landwirtschaftliche Produkte Einzelhandel~Fiener -Agrargenossenschaft Ziesar eG
17349~~~AG Burg Stargard mbH~Burg Stargard Stadt~691830~2306~None~~No Address~~~No Business Description~No Business Name
6889~~~Flämingland Agrar e.G. Boßdorf~Wittenberg Lutherstadt~660636~2202~034920 7040~~Lobbeser Weg 1~~~Versicherungsagenturen und -Vermittler (zertifiziert)~Flämingland Agrar eG Boßdorf
6636~~~AG Burgscheidungen/Laucha~Laucha an der Unstrut Stadt~660354~2201~034462 20244~~Kastanienallee 79~~~Landwirtschaftsbetrieb~Agrargenossenschaft Burgscheidungen/Laucha e. G.
6295~~~Rothenschirmbacher AgrarGen. e.G.~Eisleben Lutherstadt~658101~2194~034776 20400~~Hornburger Str. 30~~~~Rothenschirmbacher Agrargenossenschaft e.G.
18233~~~Agrargen. Hellbach Neubukow e.G.~Neubukow Stadt~654691~2182~038294 78274~~Panzower Landweg 2~~~Landwirtschaftliche Produkte Einzelhandel~Agrargenossenschaft Hellbach Neubukow e. G.
15926~~~Agrargen. Goßmar e G~Heideblick~654186~2181~03544 2403~~Goßmar 21C~~~Landwirtschaftsbetrieb~Agrargenossenschaft Goßmar e.G.
7646~~~Agrarunternehmen  Wöllmisse Schlöben e.G.~Stadtroda Stadt~646164~2154~036428 55167~~Rausdorfer Str. 10~~~Grosshändler~Agrarunternehmen Wöllmisse Schlöben e.G.
4736~~~Knobelsdorfer Agrarprodukt GmbH & Co.KG vertr. d. Knobelsd. Agrarpr. Verw.-gesellsch. mbH vertr. durch den~Waldheim Stadt~643856~2146~None~~No Address~~~No Business Description~No Business Name
39279~~~LIRS Agrar-u. Dienstleistungs GmbH~Möckern Stadt~637596~2125~None~~No Address~~~No Business Description~No Business Name
1945~~~Agrargen. Frauendorf Elster-Pulsnitz e.G.~Frauendorf~635767~2119~035755 50941~~Ruhlander Str. 6~~~Obst- und Gemüsehandel~Agrargenossenschaft Elster/Pulsnitz e.G.
38489~~~AG eG Jübar~Jübar~627652~2092~None~~No Address~~~No Business Description~No Business Name
39397~~~Agrarwirtsch. Schwanebeck GmbH~Schwanebeck Stadt~623243~2077~039424 203~~Huyweg 26~~~Landwirtschaft~Agrarwirtschaft Schwanebeck GmbH
8393~~~Dennheritzer Agrarproduktions-GmbH & Co. KG Kompl.-GmbHdiese Gesch.führer~Dennheritz~618349~2061~None~~No Address~~~No Business Description~No Business Name
6780~~~AG Löberitz e. G.~Zörbig Stadt~616528~2055~None~~No Address~~~No Business Description~No Business Name
17179~~~Agrargen. Boddin e.G.~Boddin~614695~2049~039971 12197~~Groß Lunow 28~~~Landwirtschaftliche Produkte Vertrieb~Agrargenossenschaft e.G. Boddin
39343~~~Agrarges. Börde mbH Rottmersl.~Hohe Börde~611878~2040~039206 52236~~Vor dem Tore 13~~~~Agrar-Gesellschaft "Börde" mbH
3249~~~AG Sonnewalde e.G.~Sonnewalde Stadt~611806~2039~035323 427~~Großkrausniker Str. 2~~~Unternehmensberater~Agrargenossenschaft Sonnewalde eG
39606~~~AG Krevese-Drüsedau eG~Osterburg (Altmark) Hansestadt~610915~2036~03937 210070~~Hauptstraße 51~~~Landmaschinenhändler~Agrar-Genossenschaft Krevese-Drüsedau eG
6901~~~Milch AG  Heideland e.G. Kemberg~Kemberg Stadt~610816~2036~034921 20246~~An der Bundesstr. 2 4~~~Verband, Verein oder Organisation~Mehrfamilienunternehmen Milchagrargenossenschaft Heideland e.G. Kemberg
6712~~~AB Kayna e.G.~Zeitz Stadt~608297~2028~034426 21274~~Sporaer Str. 9~~~Landwirtschaftsbetrieb~Agrarbetrieb Kayna e.G.
4626~~~Agrargenossenschaft Nöbdenitz e.G.~Nöbdenitz~607915~2026~034496 22241~~Bergstraße 16~~~Landwirtschaftliche Genossenschaften~Agrargenossenschaft Nöbdenitz e.G.
6618~~~AG Wethautal eG~Mertendorf~606741~2022~034422 21253~~Am Schmiedestück 6~~~Landwirtschaftliche Genossenschaften~Agrargenossenschaft Wethautal e.G.
6648~~~AG Burgholzhausen e.G.~Eckartsberga Stadt~592755~1976~034467 20237~~Zur Schmiede 1~~~Landwirtschaftsbetrieb~Agrargenossenschaft Burgholzhausen e.G.
16866~~~A-E-G eG Kunow~Gumtow~585205~1951~None~~No Address~~~No Business Description~No Business Name
16949~~~AGT Agrarprod. GmbH Triglitz~Triglitz~583410~1945~033981 80256~~Lindenstraße 4~~~Landwirtschaftliche Produkte Einzelhandel~AGT Agrarproduktions-GmbH
16945~~~AG eG Halenbeck~Halenbeck-Rohlsdorf~575058~1917~033986 60525~~Wittstocker Damm 11~~~Landwirtschaftliche Produkte Einzelhandel~Agrargenossenschaft Halenbeck e.G.
19273~~~Landwirtschaftsb. Straathof~Amt Neuhaus~570354~1901~None~~No Address~~~No Business Description~No Business Name
39326~~~Ohreland KG -Landwirtschaft-~Niedere Börde~568942~1896~None~~No Address~~~No Business Description~No Business Name
6198~~~AgrarGen. Höhnstedt eG~Salzatal~566455~1888~034601 22371~~Schochwitzer Str. 7~~~Landwirtschaftsbetrieb~Agrargenossenschaft Höhnstedt e.G.
4435~~~GbR Pflanzenproduktion Glesien vertr.d. M.u.S. Bernt H. Bonhorst G. Holschowski~Schkeuditz Stadt~564712~1882~None~~No Address~~~No Business Description~No Business Name
39624~~~Agrarp.GEMIZU e.G.Kremkau~Bismark (Altmark) Stadt~563098~1877~039080 9197~~Dorfstraße 21~~~Landwirtschaftliche Produkte Einzelhandel~Agrarproduktion Gemizu eG
16818~~~Landw.GmbH -Neukammer-~Neuruppin Stadt~562862~1876~03425 89680~~Teichstraße 16~~~Landmaschinenhändler~Machern Landwirtschafts GmbH & Co. KG
39638~~~Agrarprod. Lindstedt e.G.~Gardelegen Hansestadt~562837~1876~None~~No Address~~~No Business Description~No Business Name
15926~~~Agrargen.Uckro e G~Luckau Stadt~557463~1858~035454 286~~Langengrassauer Str. 1~~~Landwirtschaftliche Produkte Einzelhandel~Agrargenossenschaft Uckro eG
39517~~~Landprod.Tangerland e.G. Lüderitz~Tangerhütte Stadt~550294~1834~None~~No Address~~~No Business Description~No Business Name
4617~~~Kriebitzscher Agrargenossenschaft e.G.~Kriebitzsch~546032~1820~03448 3621~~Altenburger Str. 29~~~Landwirtschaftliche Produkte Einzelhandel~Kriebitzscher Agrargenossenschaft eG
15328~~~Agrargen. Oderbruch  Zechin eG~Zechin~544204~1814~033473 222~~Hauptstraße 21~~~Landwirtschaftliche Produkte Vertrieb~Zechiner Landwirtschafts GmbH
18469~~~Velgaster Bauernhof GmbH & Co. KG~Velgast~540675~1802~None~~No Address~~~No Business Description~No Business Name
14662~~~AG Friesack eG~Friesack Stadt~538482~1795~0173 2065370~~Klessener Str. 22~~~Landwirtschaftsbetrieb~Agrargenossenschaft Friesack e.G.
6463~~~Ermslebener Landw.gen.eG~Falkenstein/Harz Stadt~536210~1787~None~~No Address~~~No Business Description~No Business Name
4808~~~Agrargenossenschaft e. G. Böhlitz~Thallwitz~535708~1786~034263 41287~~Lossaer Str. 32~~~Landwirtschaftliche Produkte Einzelhandel~Agrargenossenschaft e.G., Verw.
15518~~~FW Agrarprodukte GmbH Buchholz~Steinhöfel~535673~1786~None~~No Address~~~No Business Description~No Business Name
9627~~~Agrar-Genossenschaft Bobritzschtal Oberbobr. eG~Bobritzsch-Hilbersdorf~535211~1784~037325 2330~~Bobritzschtalstraße 35~~~Landwirtschaftliche Genossenschaften~Agrar-Genossenschaft Bobritzschtal Oberbobritzsch e. G.
39387~~~Ldw. BG Groß Germersleben~Oschersleben (Bode) Stadt~533583~1779~None~~No Address~~~No Business Description~No Business Name
16845~~~AG eG Rhinluch Dreetz~Dreetz~530293~1768~033970 85231~~Wilhelm-Pieck-Straße 19~~~Landwirtschaftliche Produkte Einzelhandel~Agrargenossenschaft eG Rhinluch Dreetz
19309~~~Lenzener Wische RZ GmbH~Lenzerwische~526380~1755~None~~No Address~~~No Business Description~No Business Name
39240~~~GbR Habuck~Calbe (Saale) Stadt~519709~1732~None~~No Address~~~No Business Description~No Business Name
15938~~~Agrargen. Golßen eG~Golßen Stadt~519074~1730~035452 721~~Am Klinkenberg~~~Landwirtschaftliche Produkte Einzelhandel~Agrargenossenschaft Golßen e.G.
1920~~~Luica Milch und Rindfleisch GmbH~Ralbitz-Rosenthal~518168~1727~035796 9750~~Am Marienbrunnen 1~~~Milch Großhandel~Luzica Milch- und Rindfleisch GmbH
3253~~~AG Werenzhain eG~Doberlug-Kirchhain Stadt~510380~1701~035322 2124~~Trebbus 48A~~~Landwirtschaftsbetrieb~Agrargenossenschaft Werenzhain
39393~~~Agrargen. Hamersleben e.G.~Am Großen Bruch~509616~1699~039401 6620~~Fabrikstraße 9~~~Maschinenhändler~Agrargenossenschaft eG.
99428~~~Landgut Weimar eG~Weimar Stadt~508537~1695~03643 849270~~Am Feldrain 2~~~Landwirtschaftsbetrieb~Landgut Weimar eG
6237~~~AgrarGen.-Untere Aue- eG.~Leuna Stadt~506752~1689~034638 20249~~Roddener Weg 50~~~Landwirtschaftliche Produkte Einzelhandel~Agrargenossenschaft e.G. "Untere Aue" Kötschlitz
16248~~~Agrargen. Odertal eG Lüdersdorf~Parsteinsee~505554~1685~033365 208~~Dorfstraße 53~~~Minimarkt~Agrargenossenschaft Odertal e.G. Verwaltung-Hauptbüro
15518~~~FW Agrarprod. GmbH Beerfelde~Steinhöfel~504829~1683~None~~No Address~~~No Business Description~No Business Name
18299~~~Agrargenossensch. Breesen e.G.~Laage Stadt~503757~1679~038459 36626~~Schweez 22A~~~Wirtschaftsförderungsgesellschaften~Agrargenossenschaft Breesen e.G.
19357~~~AG eG Karstädt~Karstädt~497209~1657~038797 918860~~Putlitzer Str. 14E~~~Landwirtschaftsbetrieb~Agrargenossenschaft Karstädt eG
18569~~~Nordsaat Agrarges.mbH Gutsverwaltung Granskevitz~Schaprode~494696~1649~038309 1308~~Granskevitz 3~~~~Nordsaat Saatzucht GmbH Zuchtstation Granskevitz
23936~~~LWB Grevesmühlen e.G.~Grevesmühlen Stadt~491964~1640~038824 745~~Dorfstraße 3~~~Landwirtschaftsbetrieb~LWB Klützer Winkel eG
6578~~~Adrabrunnen GmbH - Landwirtschaftsprodukte -~Oldisleben~491512~1638~034673 7530~~Frankenhäuser Str. 67~~~Landwirtschaft~Adrabrunnen GmbH - Landwirtschaftsprodukte -
18299~~~Produktivgen.e.G. Diekhof~Diekhof~489481~1632~038455 20201~~Zum Storchennest 8~~~Landwirtschaftliche Genossenschaften~Produktivgenossenschaft Am Schmooksberg Diekhof e.G.
16306~~~AHV Passow GmbH & Co KG~Passow~487297~1624~033336 55740~~Schulstraße 34~~~~AHV Agrar Handels- und Verwaltungsgesellschaft mbH & Co. Produktionsbetriebe KG
18337~~~Agrargen. Jahnkendorf eG~Marlow Stadt~484308~1614~038221 261~~Fischlandstraße 11~~~Landwirtschaftliche Produkte Großhandel~Agrargenossenschaft Jahnkendorf eG
39319~~~TPG e.G. Nielebock~Jerichow Stadt~482412~1608~039341 213~~Seedorfer Str. 9~~~Tierzucht und Tierhaltung~Tierproduktionsgenossenschaft eG. Derben-Ferchland-Nielebock
6667~~~AG Langendorf-Borau- Leissling e.G~Weißenfels Stadt~478406~1595~03443 284860~~Aupitzer Weg 39~~~Landwirtschaftliche Produkte Einzelhandel~Agrargenossenschaft Langendorf-Borau-Leißling e.G.
4509~~~Landbau Kyhna KGBernd Meinert~Wiedemar~476019~1587~None~~No Address~~~No Business Description~No Business Name
6268~~~AgrarGen.Weißenschirmbach e.G.~Querfurt Stadt~475749~1586~034461 22182~~Ziegelrodaer Str. 89~~~Landwirtschaftsbetrieb~Agrargenossenschaft Weißenschirmbach e.G.
16259~~~Agrargen. Höhe eG Steinbeck~Höhenland~475325~1584~033454 223~~1~~~Landwirtschaftsbetrieb~Agrargenossenschaft "Höhe" eG
38486~~~Milcherzeugergen. Klötze~Klötze Stadt~473062~1577~None~~No Address~~~No Business Description~No Business Name
15377~~~Agrargen. e.G. Reichenberg~Märkische Höhe~472557~1575~033437 206~~Mittelstraße 8~~~Landwirtschaftliche Genossenschaften~Agrargenossenschaft e.G. Reichenberg
6420~~~Agrargen. Beesenlaublingen - Saaleaue -~Könnern Stadt~472167~1574~034692 21384~~Richard-Kupsch-Straße 8~~~Landwirtschaftliche Produkte Einzelhandel~Agrargenossenschaft e.G. Saaleaue Beesenlaublingen
39221~~~Agrargen. Mühlingen e.G.~Bördeland~471999~1573~039297 20242~~Gnadauer Str. 10~~~Landwirtschaftliche Produkte Einzelhandel~Agrar-Genossenschaft Mühlingen e.G.
6333~~~AgrarGen. Wiederstedt e.G.~Arnstein Stadt~468986~1563~03476 551157~~Schäfergasse 2~~~Landwirtschaftsbetrieb~Agrargenossenschaft Wiederstedt e.G.
17438~~~Marktfrucht GbR Mahlzow~Wolgast Stadt~468780~1563~03836 202905~~Drosselweg 8~~~Obst Einzelhandel~Marktfrucht GbR
16909~~~Agrarprod.Papenbruch GmbH~Heiligengrabe~468602~1562~03394 448532~~Liebenthaler Weg 12~~~Landwirtschaftsbetrieb~Agrarproduktion Papenbruch GmbH
15320~~~TIBO-Landwirtschaftsgesell. mbH Neutrebbin~Neutrebbin~468129~1560~033474 294~~Bahnhofstraße 24~~~Landwirtschaft~TIBO- Landwirtschaftsgesellschaft mbH
1983~~~Agrargen.Großräschen e.G.~Großräschen Stadt~464504~1548~035753 5182~~Friedensstraße 11~~~Landwirtschaftsbetrieb~Agrargenossenschaft Großräschen e.G.
39590~~~AG Miltern e.G.~Tangermünde Stadt~461021~1537~039322 2966~~Dorfstraße 46~~~Landwirtschaftliche Produkte Einzelhandel~GmbH Milchproduktion Miltern
39619~~~AG Leppin eG~Arendsee (Altmark) Stadt~460528~1535~039384 804~~Dorfstraße 68~~~Landwirtschaftsbetrieb~Agrargenossenschaft Leppin e.G
17291~~~Agrarpr. Grünow GmbH & CoKG~Grünow~459739~1532~None~~No Address~~~No Business Description~No Business Name
3238~~~AG eG  Dollenchen/Lieskau~Sallgast~459558~1532~035329 214~~Gefrastraße 1~~~~Agrargenossenschaft Dollenchen/Lieskau
9623~~~Agrargenossenschaft Nassau e.G.~Frauenstein Stadt~459463~1532~037327 839719~~Dorfstraße 31~~~Landwirtschaftliche Produkte Einzelhandel~Agrargenossenschaft Nassau E.G.
6901~~~LWBG G. und I. Lansink GbR~Kemberg Stadt~458355~1528~None~~No Address~~~No Business Description~No Business Name
15748~~~Agrargenoss. Münchehofe eG~Münchehofe~458118~1527~033760 56060~~Hauptstraße 13~~~Landwirtschaftliche Produkte Großhandel~Agrargenossenschaft Münchehofe e.G.
1816~~~APG Weideland e. G.~Bad Gottleuba-Berggießhübel Stadt~455605~1519~None~~No Address~~~No Business Description~No Business Name
39261~~~Zerbster Gemüse GmbH~Zerbst/Anhalt Stadt~455235~1517~03923 2175~~Lindauer Str. 68~~~Gemüsegärtnereien~Zerbster Gemüse-, Produktions- und Handels- gesellschaft mbH
14913~~~Agrargenossenschaft -Ländeken- eG Meinsdorf~Niederer Fläming~453974~1513~None~~No Address~~~No Business Description~No Business Name
14789~~~Agrargenossens. Fiener Bruch Rogäsen eG~Rosenau~453092~1510~033832 30790~~Rogäsener Dorfstraße 18a~~~Landwirtschaftliche Produkte Einzelhandel~Agrargenossenschaft Fiener Bruch Rogäsen e.G.
15913~~~Agrargen. Unterspreewald eG~Märkische Heide~447881~1493~035472 203~~Lübbener Str. 7A~~~Landwirtschaftsbetrieb~Agrargenossenschaft Leibsch eG
1848~~~Landwirtschaftliche Erzeuger- und Absatzgenossenschaft e. G.~Hohnstein Stadt~447563~1492~035975 81266~~Neustädter Str. 4~~~Landwirtschaftliche Produkte Einzelhandel~Landwirtschaftliche Erzeuger- und Absatzgenossenschaft Ehrenberg eG
6406~~~Agrargen. Baalberge e. G.~Bernburg (Saale) Stadt~447189~1491~03471 312234~~Umgehungsstraße 30~~~Landwirtschaft~Agrargenossenschaft Baalberge e.G.
38855~~~Agrargen.  Vorharz eG Silstedt-Benzingerode~Wernigerode Stadt~446539~1488~03943 22008~~Steinesche 5B~~~Landwirtschaftsbetrieb~Agrargenossenschaft Vorharz e G
6369~~~Gutsverwaltung Dohndorf GmbH & Co.KG~Köthen (Anhalt) Stadt~446270~1488~034976 22194~~Friedhofstraße 1~~~Gutsverwaltungen~Gutsverwaltung Dohndorf Beteiligungs GmbH
1454~~~LU An der Dresdner Heide GmbH & Co. KG vertr.durch die Verwaltungsgesellschaft mbH diese vertr.durch den~Radeberg Stadt~445193~1484~None~~No Address~~~No Business Description~No Business Name
6901~~~AG  eG Rackith~Kemberg Stadt~444942~1483~034927 20217~~Rackither Gewerbepark OT~~~Landesprodukte Großhandel~Agrargenossenschaft eG Rackith
6388~Leopold~Graf von Drechsel~WIMEX Agrarprodukte Import und Export GmbH~Köthen (Anhalt) Stadt~443414~1478~(09402) 93070~info@wimex-online.de~Feldstr. 5~http://www.wimex-online.de~540~~
17166~~~Agrarprod.Niendorf GmbH~Teterow Stadt~443136~1477~03996 183266~~Malchiner Str. 52~~~Landwirtschaftliche Produkte Einzelhandel~Agrarproduktion Niendorf GmbH
17406~~~Agrar GmbH Usedom & Co. KG~Usedom Stadt~441822~1473~None~~No Address~~~No Business Description~No Business Name
